2023-04-09 08:26:15.147 INFO  c.I.J.JpaHibernateInmApplication - Starting JpaHibernateInmApplication using Java 17.0.1 with PID 2868 (C:\Users\LAP-4\Documents\web-apps\JPAHibernateINM\JPAHibernateINM\target\classes started by LAP-4 in C:\Users\LAP-4\Documents\web-apps\JPAHibernateINM\JPAHibernateINM)
2023-04-09 08:26:15.152 INFO  c.I.J.JpaHibernateInmApplication - No active profile set, falling back to 1 default profile: "default"
2023-04-09 08:26:15.741 INFO  o.s.d.r.c.RepositoryConfigurationDelegate - Bootstrapping Spring Data JPA repositories in DEFAULT mode.
2023-04-09 08:26:15.799 INFO  o.s.d.r.c.RepositoryConfigurationDelegate - Finished Spring Data repository scanning in 51 ms. Found 2 JPA repository interfaces.
2023-04-09 08:26:16.241 INFO  o.s.b.w.e.tomcat.TomcatWebServer - Tomcat initialized with port(s): 8080 (http)
2023-04-09 08:26:16.249 INFO  o.a.coyote.http11.Http11NioProtocol - Initializing ProtocolHandler ["http-nio-8080"]
2023-04-09 08:26:16.250 INFO  o.a.catalina.core.StandardService - Starting service [Tomcat]
2023-04-09 08:26:16.251 INFO  o.a.catalina.core.StandardEngine - Starting Servlet engine: [Apache Tomcat/10.1.7]
2023-04-09 08:26:16.329 INFO  o.a.c.c.C.[Tomcat].[localhost].[/] - Initializing Spring embedded WebApplicationContext
2023-04-09 08:26:16.329 INFO  o.s.b.w.s.c.ServletWebServerApplicationContext - Root WebApplicationContext: initialization completed in 1134 ms
2023-04-09 08:26:16.470 INFO  o.h.jpa.internal.util.LogHelper - HHH000204: Processing PersistenceUnitInfo [name: default]
2023-04-09 08:26:16.528 INFO  org.hibernate.Version - HHH000412: Hibernate ORM core version 6.1.7.Final
2023-04-09 08:26:16.658 WARN  org.hibernate.orm.deprecation - HHH90000021: Encountered deprecated setting [javax.persistence.validation.mode], use [jakarta.persistence.validation.mode] instead
2023-04-09 08:26:16.800 INFO  com.zaxxer.hikari.HikariDataSource - HikariPool-1 - Starting...
2023-04-09 08:26:17.146 INFO  com.zaxxer.hikari.pool.HikariPool - HikariPool-1 - Added connection com.mysql.cj.jdbc.ConnectionImpl@653a5967
2023-04-09 08:26:17.147 INFO  com.zaxxer.hikari.HikariDataSource - HikariPool-1 - Start completed.
2023-04-09 08:26:17.261 INFO  SQL dialect - HHH000400: Using dialect: org.hibernate.dialect.MySQLDialect
2023-04-09 08:26:17.986 INFO  o.h.e.t.j.p.i.JtaPlatformInitiator - HHH000490: Using JtaPlatform implementation: [org.hibernate.engine.transaction.jta.platform.internal.NoJtaPlatform]
2023-04-09 08:26:17.998 INFO  o.s.o.j.LocalContainerEntityManagerFactoryBean - Initialized JPA EntityManagerFactory for persistence unit 'default'
2023-04-09 08:26:18.253 WARN  o.s.b.a.o.j.JpaBaseConfiguration$JpaWebConfiguration - spring.jpa.open-in-view is enabled by default. Therefore, database queries may be performed during view rendering. Explicitly configure spring.jpa.open-in-view to disable this warning
2023-04-09 08:26:18.475 INFO  o.a.coyote.http11.Http11NioProtocol - Starting ProtocolHandler ["http-nio-8080"]
2023-04-09 08:26:18.492 INFO  o.s.b.w.e.tomcat.TomcatWebServer - Tomcat started on port(s): 8080 (http) with context path ''
2023-04-09 08:26:18.499 INFO  c.I.J.JpaHibernateInmApplication - Started JpaHibernateInmApplication in 3.735 seconds (process running for 4.56)
2023-04-09 08:38:11.822 WARN  com.zaxxer.hikari.pool.HikariPool - HikariPool-1 - Thread starvation or clock leap detected (housekeeper delta=7m54s513ms979µs400ns).
2023-04-09 08:39:08.862 INFO  o.a.c.c.C.[Tomcat].[localhost].[/] - Initializing Spring DispatcherServlet 'dispatcherServlet'
2023-04-09 08:39:08.863 INFO  o.s.web.servlet.DispatcherServlet - Initializing Servlet 'dispatcherServlet'
2023-04-09 08:39:08.867 INFO  o.s.web.servlet.DispatcherServlet - Completed initialization in 2 ms
2023-04-09 09:05:34.538 WARN  com.zaxxer.hikari.pool.HikariPool - HikariPool-1 - Thread starvation or clock leap detected (housekeeper delta=1m22s305ms688µs500ns).
2023-04-09 09:22:39.835 WARN  com.zaxxer.hikari.pool.HikariPool - HikariPool-1 - Thread starvation or clock leap detected (housekeeper delta=2m35s42ms850µs400ns).
2023-04-09 10:48:15.577 WARN  com.zaxxer.hikari.pool.HikariPool - HikariPool-1 - Thread starvation or clock leap detected (housekeeper delta=28m34s879ms99µs800ns).
2023-04-09 10:55:49.207 INFO  o.s.o.j.LocalContainerEntityManagerFactoryBean - Closing JPA EntityManagerFactory for persistence unit 'default'
2023-04-09 10:55:49.286 INFO  com.zaxxer.hikari.HikariDataSource - HikariPool-1 - Shutdown initiated...
2023-04-09 10:55:49.309 INFO  com.zaxxer.hikari.HikariDataSource - HikariPool-1 - Shutdown completed.
2023-04-09 10:56:00.033 INFO  o.h.validator.internal.util.Version - HV000001: Hibernate Validator 8.0.0.Final
2023-04-09 10:56:00.094 INFO  c.I.J.JpaHibernateInmApplication - Starting JpaHibernateInmApplication using Java 17.0.1 with PID 6776 (C:\Users\LAP-4\Documents\web-apps\JPAHibernateINM\JPAHibernateINM\target\classes started by LAP-4 in C:\Users\LAP-4\Documents\web-apps\JPAHibernateINM\JPAHibernateINM)
2023-04-09 10:56:00.096 INFO  c.I.J.JpaHibernateInmApplication - No active profile set, falling back to 1 default profile: "default"
2023-04-09 10:56:00.714 INFO  o.s.d.r.c.RepositoryConfigurationDelegate - Bootstrapping Spring Data JPA repositories in DEFAULT mode.
2023-04-09 10:56:00.781 INFO  o.s.d.r.c.RepositoryConfigurationDelegate - Finished Spring Data repository scanning in 60 ms. Found 2 JPA repository interfaces.
2023-04-09 10:56:01.159 INFO  o.s.b.w.e.tomcat.TomcatWebServer - Tomcat initialized with port(s): 8080 (http)
2023-04-09 10:56:01.167 INFO  o.a.coyote.http11.Http11NioProtocol - Initializing ProtocolHandler ["http-nio-8080"]
2023-04-09 10:56:01.168 INFO  o.a.catalina.core.StandardService - Starting service [Tomcat]
2023-04-09 10:56:01.168 INFO  o.a.catalina.core.StandardEngine - Starting Servlet engine: [Apache Tomcat/10.1.7]
2023-04-09 10:56:01.242 INFO  o.a.c.c.C.[Tomcat].[localhost].[/] - Initializing Spring embedded WebApplicationContext
2023-04-09 10:56:01.242 INFO  o.s.b.w.s.c.ServletWebServerApplicationContext - Root WebApplicationContext: initialization completed in 1105 ms
2023-04-09 10:56:01.346 INFO  o.h.jpa.internal.util.LogHelper - HHH000204: Processing PersistenceUnitInfo [name: default]
2023-04-09 10:56:01.403 INFO  org.hibernate.Version - HHH000412: Hibernate ORM core version 6.1.7.Final
2023-04-09 10:56:01.524 WARN  org.hibernate.orm.deprecation - HHH90000021: Encountered deprecated setting [javax.persistence.validation.mode], use [jakarta.persistence.validation.mode] instead
2023-04-09 10:56:01.669 INFO  com.zaxxer.hikari.HikariDataSource - HikariPool-1 - Starting...
2023-04-09 10:56:01.806 INFO  com.zaxxer.hikari.pool.HikariPool - HikariPool-1 - Added connection com.mysql.cj.jdbc.ConnectionImpl@597a7afa
2023-04-09 10:56:01.807 INFO  com.zaxxer.hikari.HikariDataSource - HikariPool-1 - Start completed.
2023-04-09 10:56:01.902 INFO  SQL dialect - HHH000400: Using dialect: org.hibernate.dialect.MySQLDialect
2023-04-09 10:56:02.613 INFO  o.h.e.t.j.p.i.JtaPlatformInitiator - HHH000490: Using JtaPlatform implementation: [org.hibernate.engine.transaction.jta.platform.internal.NoJtaPlatform]
2023-04-09 10:56:02.623 INFO  o.s.o.j.LocalContainerEntityManagerFactoryBean - Initialized JPA EntityManagerFactory for persistence unit 'default'
2023-04-09 10:56:02.880 WARN  o.s.b.a.o.j.JpaBaseConfiguration$JpaWebConfiguration - spring.jpa.open-in-view is enabled by default. Therefore, database queries may be performed during view rendering. Explicitly configure spring.jpa.open-in-view to disable this warning
2023-04-09 10:56:03.148 INFO  o.a.coyote.http11.Http11NioProtocol - Starting ProtocolHandler ["http-nio-8080"]
2023-04-09 10:56:03.165 INFO  o.s.b.w.e.tomcat.TomcatWebServer - Tomcat started on port(s): 8080 (http) with context path ''
2023-04-09 10:56:03.171 INFO  c.I.J.JpaHibernateInmApplication - Started JpaHibernateInmApplication in 3.43 seconds (process running for 4.313)
2023-04-09 10:56:18.456 INFO  o.a.c.c.C.[Tomcat].[localhost].[/] - Initializing Spring DispatcherServlet 'dispatcherServlet'
2023-04-09 10:56:18.458 INFO  o.s.web.servlet.DispatcherServlet - Initializing Servlet 'dispatcherServlet'
2023-04-09 10:56:18.460 INFO  o.s.web.servlet.DispatcherServlet - Completed initialization in 2 ms
2023-04-09 10:56:18.767 WARN  o.s.w.s.m.s.DefaultHandlerExceptionResolver - Resolved [org.springframework.web.bind.MethodArgumentNotValidException: Validation failed for argument [0] in public org.springframework.http.ResponseEntity<com.INMHibernateJPA.JPAHibernateINM.Model.Student> com.INMHibernateJPA.JPAHibernateINM.Controller.StudentController.creatStudent(com.INMHibernateJPA.JPAHibernateINM.Model.Student): [Field error in object 'student' on field 'email': rejected value [C@gmai]; codes [Pattern.student.email,Pattern.email,Pattern.java.lang.String,Pattern]; arguments [org.springframework.context.support.DefaultMessageSourceResolvable: codes [student.email,email]; arguments []; default message [email],[Ljakarta.validation.constraints.Pattern$Flag;@47333b4b,[a-zA-Z0-9._%+-]+@[a-zA-Z0-9.-]+\.[a-zA-Z]{2,}]; default message [Invalid email]] ]
2023-04-09 10:57:43.801 INFO  o.s.o.j.LocalContainerEntityManagerFactoryBean - Closing JPA EntityManagerFactory for persistence unit 'default'
2023-04-09 10:57:43.805 INFO  com.zaxxer.hikari.HikariDataSource - HikariPool-1 - Shutdown initiated...
2023-04-09 10:57:43.822 INFO  com.zaxxer.hikari.HikariDataSource - HikariPool-1 - Shutdown completed.
2023-04-09 10:57:48.818 INFO  o.h.validator.internal.util.Version - HV000001: Hibernate Validator 8.0.0.Final
2023-04-09 10:57:48.855 INFO  c.I.J.JpaHibernateInmApplication - Starting JpaHibernateInmApplication using Java 17.0.1 with PID 10848 (C:\Users\LAP-4\Documents\web-apps\JPAHibernateINM\JPAHibernateINM\target\classes started by LAP-4 in C:\Users\LAP-4\Documents\web-apps\JPAHibernateINM\JPAHibernateINM)
2023-04-09 10:57:48.856 INFO  c.I.J.JpaHibernateInmApplication - No active profile set, falling back to 1 default profile: "default"
2023-04-09 10:57:49.358 INFO  o.s.d.r.c.RepositoryConfigurationDelegate - Bootstrapping Spring Data JPA repositories in DEFAULT mode.
2023-04-09 10:57:49.395 INFO  o.s.d.r.c.RepositoryConfigurationDelegate - Finished Spring Data repository scanning in 32 ms. Found 2 JPA repository interfaces.
2023-04-09 10:57:49.780 INFO  o.s.b.w.e.tomcat.TomcatWebServer - Tomcat initialized with port(s): 8080 (http)
2023-04-09 10:57:49.788 INFO  o.a.coyote.http11.Http11NioProtocol - Initializing ProtocolHandler ["http-nio-8080"]
2023-04-09 10:57:49.789 INFO  o.a.catalina.core.StandardService - Starting service [Tomcat]
2023-04-09 10:57:49.789 INFO  o.a.catalina.core.StandardEngine - Starting Servlet engine: [Apache Tomcat/10.1.7]
2023-04-09 10:57:49.843 INFO  o.a.c.c.C.[Tomcat].[localhost].[/] - Initializing Spring embedded WebApplicationContext
2023-04-09 10:57:49.844 INFO  o.s.b.w.s.c.ServletWebServerApplicationContext - Root WebApplicationContext: initialization completed in 950 ms
2023-04-09 10:57:49.924 INFO  o.h.jpa.internal.util.LogHelper - HHH000204: Processing PersistenceUnitInfo [name: default]
2023-04-09 10:57:49.954 INFO  org.hibernate.Version - HHH000412: Hibernate ORM core version 6.1.7.Final
2023-04-09 10:57:50.044 WARN  org.hibernate.orm.deprecation - HHH90000021: Encountered deprecated setting [javax.persistence.validation.mode], use [jakarta.persistence.validation.mode] instead
2023-04-09 10:57:50.136 INFO  com.zaxxer.hikari.HikariDataSource - HikariPool-1 - Starting...
2023-04-09 10:57:50.230 INFO  com.zaxxer.hikari.pool.HikariPool - HikariPool-1 - Added connection com.mysql.cj.jdbc.ConnectionImpl@29dcdd1c
2023-04-09 10:57:50.231 INFO  com.zaxxer.hikari.HikariDataSource - HikariPool-1 - Start completed.
2023-04-09 10:57:50.266 INFO  SQL dialect - HHH000400: Using dialect: org.hibernate.dialect.MySQLDialect
2023-04-09 10:57:50.766 INFO  o.h.e.t.j.p.i.JtaPlatformInitiator - HHH000490: Using JtaPlatform implementation: [org.hibernate.engine.transaction.jta.platform.internal.NoJtaPlatform]
2023-04-09 10:57:50.774 INFO  o.s.o.j.LocalContainerEntityManagerFactoryBean - Initialized JPA EntityManagerFactory for persistence unit 'default'
2023-04-09 10:57:50.941 WARN  o.s.b.a.o.j.JpaBaseConfiguration$JpaWebConfiguration - spring.jpa.open-in-view is enabled by default. Therefore, database queries may be performed during view rendering. Explicitly configure spring.jpa.open-in-view to disable this warning
2023-04-09 10:57:51.144 INFO  o.a.coyote.http11.Http11NioProtocol - Starting ProtocolHandler ["http-nio-8080"]
2023-04-09 10:57:51.155 INFO  o.s.b.w.e.tomcat.TomcatWebServer - Tomcat started on port(s): 8080 (http) with context path ''
2023-04-09 10:57:51.161 INFO  c.I.J.JpaHibernateInmApplication - Started JpaHibernateInmApplication in 2.577 seconds (process running for 3.114)
2023-04-09 10:58:41.593 INFO  o.a.c.c.C.[Tomcat].[localhost].[/] - Initializing Spring DispatcherServlet 'dispatcherServlet'
2023-04-09 10:58:41.595 INFO  o.s.web.servlet.DispatcherServlet - Initializing Servlet 'dispatcherServlet'
2023-04-09 10:58:41.598 INFO  o.s.web.servlet.DispatcherServlet - Completed initialization in 2 ms
2023-04-09 10:58:49.838 WARN  o.s.w.s.m.s.DefaultHandlerExceptionResolver - Resolved [org.springframework.web.bind.MethodArgumentNotValidException: Validation failed for argument [0] in public org.springframework.http.ResponseEntity<com.INMHibernateJPA.JPAHibernateINM.Model.Teacher> com.INMHibernateJPA.JPAHibernateINM.Controller.TeacherController.creatTeacher(com.INMHibernateJPA.JPAHibernateINM.Model.Teacher): [Field error in object 'teacher' on field 'email': rejected value [Agmailcom]; codes [Pattern.teacher.email,Pattern.email,Pattern.java.lang.String,Pattern]; arguments [org.springframework.context.support.DefaultMessageSourceResolvable: codes [teacher.email,email]; arguments []; default message [email],[Ljakarta.validation.constraints.Pattern$Flag;@3d173dec,[a-zA-Z0-9._%+-]+@[a-zA-Z0-9.-]+\.[a-zA-Z]{2,}]; default message [Invalid email]] ]
2023-04-09 11:10:09.625 WARN  com.zaxxer.hikari.pool.HikariPool - HikariPool-1 - Thread starvation or clock leap detected (housekeeper delta=49s140ms992µs400ns).
2023-04-09 11:42:02.668 INFO  o.s.o.j.LocalContainerEntityManagerFactoryBean - Closing JPA EntityManagerFactory for persistence unit 'default'
2023-04-09 11:42:02.679 INFO  com.zaxxer.hikari.HikariDataSource - HikariPool-1 - Shutdown initiated...
2023-04-09 11:42:02.683 INFO  com.zaxxer.hikari.HikariDataSource - HikariPool-1 - Shutdown completed.
2023-04-09 11:46:24.787 INFO  o.h.validator.internal.util.Version - HV000001: Hibernate Validator 8.0.0.Final
2023-04-09 11:46:24.839 INFO  c.I.J.JpaHibernateInmApplication - Starting JpaHibernateInmApplication using Java 17.0.1 with PID 12884 (C:\Users\LAP-4\Documents\web-apps\JPAHibernateINM\JPAHibernateINM\target\classes started by LAP-4 in C:\Users\LAP-4\Documents\web-apps\JPAHibernateINM\JPAHibernateINM)
2023-04-09 11:46:24.841 INFO  c.I.J.JpaHibernateInmApplication - No active profile set, falling back to 1 default profile: "default"
2023-04-09 11:46:25.449 INFO  o.s.d.r.c.RepositoryConfigurationDelegate - Bootstrapping Spring Data JPA repositories in DEFAULT mode.
2023-04-09 11:46:25.534 INFO  o.s.d.r.c.RepositoryConfigurationDelegate - Finished Spring Data repository scanning in 77 ms. Found 3 JPA repository interfaces.
2023-04-09 11:46:25.997 INFO  o.s.b.w.e.tomcat.TomcatWebServer - Tomcat initialized with port(s): 8080 (http)
2023-04-09 11:46:26.005 INFO  o.a.coyote.http11.Http11NioProtocol - Initializing ProtocolHandler ["http-nio-8080"]
2023-04-09 11:46:26.005 INFO  o.a.catalina.core.StandardService - Starting service [Tomcat]
2023-04-09 11:46:26.005 INFO  o.a.catalina.core.StandardEngine - Starting Servlet engine: [Apache Tomcat/10.1.7]
2023-04-09 11:46:26.083 INFO  o.a.c.c.C.[Tomcat].[localhost].[/] - Initializing Spring embedded WebApplicationContext
2023-04-09 11:46:26.084 INFO  o.s.b.w.s.c.ServletWebServerApplicationContext - Root WebApplicationContext: initialization completed in 1194 ms
2023-04-09 11:46:26.265 INFO  o.h.jpa.internal.util.LogHelper - HHH000204: Processing PersistenceUnitInfo [name: default]
2023-04-09 11:46:26.314 INFO  org.hibernate.Version - HHH000412: Hibernate ORM core version 6.1.7.Final
2023-04-09 11:46:26.454 WARN  org.hibernate.orm.deprecation - HHH90000021: Encountered deprecated setting [javax.persistence.validation.mode], use [jakarta.persistence.validation.mode] instead
2023-04-09 11:46:26.601 INFO  com.zaxxer.hikari.HikariDataSource - HikariPool-1 - Starting...
2023-04-09 11:46:26.720 INFO  com.zaxxer.hikari.pool.HikariPool - HikariPool-1 - Added connection com.mysql.cj.jdbc.ConnectionImpl@fe8aaeb
2023-04-09 11:46:26.721 INFO  com.zaxxer.hikari.HikariDataSource - HikariPool-1 - Start completed.
2023-04-09 11:46:26.773 INFO  SQL dialect - HHH000400: Using dialect: org.hibernate.dialect.MySQLDialect
2023-04-09 11:46:27.796 INFO  o.h.e.t.j.p.i.JtaPlatformInitiator - HHH000490: Using JtaPlatform implementation: [org.hibernate.engine.transaction.jta.platform.internal.NoJtaPlatform]
2023-04-09 11:46:27.807 INFO  o.s.o.j.LocalContainerEntityManagerFactoryBean - Initialized JPA EntityManagerFactory for persistence unit 'default'
2023-04-09 11:46:28.059 WARN  o.s.b.a.o.j.JpaBaseConfiguration$JpaWebConfiguration - spring.jpa.open-in-view is enabled by default. Therefore, database queries may be performed during view rendering. Explicitly configure spring.jpa.open-in-view to disable this warning
2023-04-09 11:46:28.271 INFO  o.a.coyote.http11.Http11NioProtocol - Starting ProtocolHandler ["http-nio-8080"]
2023-04-09 11:46:28.288 INFO  o.s.b.w.e.tomcat.TomcatWebServer - Tomcat started on port(s): 8080 (http) with context path ''
2023-04-09 11:46:28.294 INFO  c.I.J.JpaHibernateInmApplication - Started JpaHibernateInmApplication in 3.763 seconds (process running for 4.702)
2023-04-09 11:48:28.104 INFO  o.a.c.c.C.[Tomcat].[localhost].[/] - Initializing Spring DispatcherServlet 'dispatcherServlet'
2023-04-09 11:48:28.105 INFO  o.s.web.servlet.DispatcherServlet - Initializing Servlet 'dispatcherServlet'
2023-04-09 11:48:28.107 INFO  o.s.web.servlet.DispatcherServlet - Completed initialization in 2 ms
2023-04-09 11:52:07.237 INFO  o.s.o.j.LocalContainerEntityManagerFactoryBean - Closing JPA EntityManagerFactory for persistence unit 'default'
2023-04-09 11:52:07.239 INFO  com.zaxxer.hikari.HikariDataSource - HikariPool-1 - Shutdown initiated...
2023-04-09 11:52:07.244 INFO  com.zaxxer.hikari.HikariDataSource - HikariPool-1 - Shutdown completed.
